Started GET "/students/6/edit" for 127.0.0.1 at 2020-05-03 02:04:48 +0800
Processing by StudentsController#edit as HTML
  Parameters: {"id"=>"6"}
  Student Load (1.0ms)  SELECT  `students`.* FROM `students` WHERE `students`.`id` = 6 LIMIT 1
  ↳ app/controllers/students_controller.rb:71
  Rendering students/edit.html.erb within layouts/application
  Rendered students/_form.html.erb (15.7ms)
  Rendered students/edit.html.erb within layouts/application (18.0ms)
Completed 200 OK in 56ms (Views: 48.8ms | ActiveRecord: 1.0ms)


Started PATCH "/students/6" for 127.0.0.1 at 2020-05-03 02:04:52 +0800
Processing by StudentsController#update as HTML
  Parameters: {"utf8"=>"✓", "authenticity_token"=>"", "student"=>{"name"=>"Qian"}, "commit"=>"Update Student", "id"=>"6"}
  Student Load (0.4ms)  SELECT  `students`.* FROM `students` WHERE `students`.`id` = 6 LIMIT 1
  ↳ app/controllers/students_controller.rb:71
   (0.4ms)  BEGIN
  ↳ app/controllers/students_controller.rb:48
  Student Update (3.7ms)  UPDATE `students` SET `name` = 'Qian', `updated_at` = '2020-05-02 18:04:52' WHERE `students`.`id` = 6
  ↳ app/controllers/students_controller.rb:48
   (2.2ms)  COMMIT
  ↳ app/controllers/students_controller.rb:48
Redirected to http://localhost:3000/students/6
Completed 302 Found in 12ms (ActiveRecord: 6.8ms)


Started GET "/students/6" for 127.0.0.1 at 2020-05-03 02:04:52 +0800
Processing by StudentsController#show as HTML
  Parameters: {"id"=>"6"}
  Student Load (1.8ms)  SELECT  `students`.* FROM `students` WHERE `students`.`id` = 6 LIMIT 1
  ↳ app/controllers/students_controller.rb:71
  Rendering students/show.html.erb within layouts/application
  Rendered students/show.html.erb within layouts/application (0.9ms)
Completed 200 OK in 42ms (Views: 35.2ms | ActiveRecord: 1.8ms)